In file included from [01m[K/home/zyk/CMakeCatkinExample/example_ws/src/catkin_example/src/ExampleOne.cpp:4:0[m[K:
[01m[K/home/zyk/CMakeCatkinExample/example_ws/src/catkin_example/include/example_head_file/ExampleOne.h:5:10:[m[K [01;31m[Kfatal error: [m[Kcv.hpp: æ²¡æœ‰é‚£ä¸ªæ–‡ä»¶æˆ–ç›®å½•
 #include [01;31m[K<cv.hpp>[m[K
          [01;31m[K^~~~~~~~[m[K
In file included from [01m[K/home/zyk/CMakeCatkinExample/example_ws/src/catkin_example/src/ExampleTwo.cpp:4:0[m[K:
[01m[K/home/zyk/CMakeCatkinExample/example_ws/src/catkin_example/include/example_head_file/ExampleTwo.h:5:10:[m[K [01;31m[Kfatal error: [m[Kcv.hpp: æ²¡æœ‰é‚£ä¸ªæ–‡ä»¶æˆ–ç›®å½•
 #include [01;31m[K<cv.hpp>[m[K
          [01;31m[K^~~~~~~~[m[K
compilation terminated.
compilation terminated.
make[2]: *** [CMakeFiles/catkin_example_core.dir/src/ExampleOne.cpp.o] Error 1
make[2]: *** æ­£åœ¨ç­‰å¾…æœªå®Œæˆçš„ä»»åŠ¡....
make[2]: *** [CMakeFiles/catkin_example_core.dir/src/ExampleTwo.cpp.o] Error 1
make[1]: *** [CMakeFiles/catkin_example_core.dir/all] Error 2
make: *** [all] Error 2
